{"/Users/Rebecca.Vest/dev/vs-code-prettier-eslint/src/extension.js": {"path":"/Users/Rebecca.Vest/dev/vs-code-prettier-eslint/src/extension.js","statementMap":{"0":{"start":{"line":9,"column":13},"end":{"line":9,"column":28}},"1":{"start":{"line":14,"column":23},"end":{"line":14,"column":54}},"2":{"start":{"line":15,"column":23},"end":{"line":16,"column":9}},"3":{"start":{"line":15,"column":63},"end":{"line":15,"column":90}},"4":{"start":{"line":17,"column":2},"end":{"line":35,"column":3}},"5":{"start":{"line":18,"column":4},"end":{"line":32,"column":5}},"6":{"start":{"line":23,"column":6},"end":{"line":23,"column":35}},"7":{"start":{"line":24,"column":6},"end":{"line":24,"column":98}},"8":{"start":{"line":26,"column":19},"end":{"line":26,"column":42}},"9":{"start":{"line":27,"column":24},"end":{"line":30,"column":8}},"10":{"start":{"line":31,"column":6},"end":{"line":31,"column":50}},"11":{"start":{"line":34,"column":4},"end":{"line":34,"column":69}},"12":{"start":{"line":38,"column":27},"end":{"line":42,"column":1}},"13":{"start":{"line":40,"column":4},"end":{"line":40,"column":38}},"14":{"start":{"line":44,"column":27},"end":{"line":61,"column":1}},"15":{"start":{"line":63,"column":0},"end":{"line":65,"column":3}},"16":{"start":{"line":64,"column":2},"end":{"line":64,"column":86}},"17":{"start":{"line":68,"column":0},"end":{"line":68,"column":62}}},"fnMap":{"0":{"name":"formatter","decl":{"start":{"line":13,"column":15},"end":{"line":13,"column":24}},"loc":{"start":{"line":13,"column":42},"end":{"line":36,"column":1}},"line":13},"1":{"name":"(anonymous_1)","decl":{"start":{"line":15,"column":56},"end":{"line":15,"column":57}},"loc":{"start":{"line":15,"column":63},"end":{"line":15,"column":90}},"line":15},"2":{"name":"(anonymous_2)","decl":{"start":{"line":39,"column":2},"end":{"line":39,"column":3}},"loc":{"start":{"line":39,"column":55},"end":{"line":41,"column":3}},"line":39},"3":{"name":"(anonymous_3)","decl":{"start":{"line":63,"column":27},"end":{"line":63,"column":28}},"loc":{"start":{"line":63,"column":41},"end":{"line":65,"column":1}},"line":63}},"branchMap":{"0":{"loc":{"start":{"line":18,"column":4},"end":{"line":32,"column":5}},"type":"if","locations":[{"start":{"line":18,"column":4},"end":{"line":32,"column":5}},{"start":{"line":25,"column":11},"end":{"line":32,"column":5}}],"line":18},"1":{"loc":{"start":{"line":19,"column":6},"end":{"line":20,"column":75}},"type":"binary-expr","locations":[{"start":{"line":19,"column":6},"end":{"line":19,"column":70}},{"start":{"line":20,"column":9},"end":{"line":20,"column":75}}],"line":19}},"s":{"0":0,"1":0,"2":0,"3":0,"4":0,"5":0,"6":0,"7":0,"8":0,"9":0,"10":0,"11":0,"12":0,"13":0,"14":0,"15":0,"16":0,"17":0},"f":{"0":0,"1":0,"2":0,"3":0},"b":{"0":[0,0],"1":[0,0]}}
,"/Users/Rebecca.Vest/dev/vs-code-prettier-eslint/src/formatter.js": {"path":"/Users/Rebecca.Vest/dev/vs-code-prettier-eslint/src/formatter.js","statementMap":{"0":{"start":{"line":4,"column":2},"end":{"line":7,"column":5}}},"fnMap":{"0":{"name":"formatText","decl":{"start":{"line":3,"column":24},"end":{"line":3,"column":34}},"loc":{"start":{"line":3,"column":55},"end":{"line":8,"column":1}},"line":3}},"branchMap":{},"s":{"0":0},"f":{"0":0},"b":{}}
,"/Users/Rebecca.Vest/dev/vs-code-prettier-eslint/src/ignore.js": {"path":"/Users/Rebecca.Vest/dev/vs-code-prettier-eslint/src/ignore.js","statementMap":{"0":{"start":{"line":6,"column":29},"end":{"line":6,"column":43}},"1":{"start":{"line":9,"column":22},"end":{"line":12,"column":43}},"2":{"start":{"line":12,"column":22},"end":{"line":12,"column":42}},"3":{"start":{"line":13,"column":19},"end":{"line":13,"column":31}},"4":{"start":{"line":14,"column":2},"end":{"line":14,"column":28}},"5":{"start":{"line":15,"column":2},"end":{"line":15,"column":41}},"6":{"start":{"line":19,"column":18},"end":{"line":19,"column":49}},"7":{"start":{"line":20,"column":2},"end":{"line":22,"column":3}},"8":{"start":{"line":21,"column":4},"end":{"line":21,"column":34}},"9":{"start":{"line":23,"column":27},"end":{"line":23,"column":63}},"10":{"start":{"line":24,"column":2},"end":{"line":26,"column":3}},"11":{"start":{"line":25,"column":4},"end":{"line":25,"column":17}},"12":{"start":{"line":28,"column":26},"end":{"line":28,"column":56}},"13":{"start":{"line":29,"column":44},"end":{"line":29,"column":84}},"14":{"start":{"line":30,"column":20},"end":{"line":30,"column":50}},"15":{"start":{"line":31,"column":2},"end":{"line":31,"column":54}},"16":{"start":{"line":35,"column":18},"end":{"line":35,"column":49}},"17":{"start":{"line":36,"column":2},"end":{"line":38,"column":3}},"18":{"start":{"line":37,"column":4},"end":{"line":37,"column":34}},"19":{"start":{"line":39,"column":29},"end":{"line":39,"column":67}},"20":{"start":{"line":40,"column":2},"end":{"line":42,"column":3}},"21":{"start":{"line":41,"column":4},"end":{"line":41,"column":17}},"22":{"start":{"line":44,"column":28},"end":{"line":44,"column":60}},"23":{"start":{"line":45,"column":46},"end":{"line":45,"column":88}},"24":{"start":{"line":46,"column":20},"end":{"line":46,"column":52}},"25":{"start":{"line":47,"column":2},"end":{"line":47,"column":56}}},"fnMap":{"0":{"name":"getIsIgnored","decl":{"start":{"line":8,"column":9},"end":{"line":8,"column":21}},"loc":{"start":{"line":8,"column":32},"end":{"line":16,"column":1}},"line":8},"1":{"name":"(anonymous_1)","decl":{"start":{"line":12,"column":12},"end":{"line":12,"column":13}},"loc":{"start":{"line":12,"column":22},"end":{"line":12,"column":42}},"line":12},"2":{"name":"isFilePathMatchedByEslintIgnore","decl":{"start":{"line":18,"column":16},"end":{"line":18,"column":47}},"loc":{"start":{"line":18,"column":72},"end":{"line":32,"column":1}},"line":18},"3":{"name":"isFilePathMatchedByPrettierIgnore","decl":{"start":{"line":34,"column":16},"end":{"line":34,"column":49}},"loc":{"start":{"line":34,"column":74},"end":{"line":48,"column":1}},"line":34}},"branchMap":{"0":{"loc":{"start":{"line":20,"column":2},"end":{"line":22,"column":3}},"type":"if","locations":[{"start":{"line":20,"column":2},"end":{"line":22,"column":3}},{"start":{},"end":{}}],"line":20},"1":{"loc":{"start":{"line":24,"column":2},"end":{"line":26,"column":3}},"type":"if","locations":[{"start":{"line":24,"column":2},"end":{"line":26,"column":3}},{"start":{},"end":{}}],"line":24},"2":{"loc":{"start":{"line":36,"column":2},"end":{"line":38,"column":3}},"type":"if","locations":[{"start":{"line":36,"column":2},"end":{"line":38,"column":3}},{"start":{},"end":{}}],"line":36},"3":{"loc":{"start":{"line":40,"column":2},"end":{"line":42,"column":3}},"type":"if","locations":[{"start":{"line":40,"column":2},"end":{"line":42,"column":3}},{"start":{},"end":{}}],"line":40}},"s":{"0":0,"1":0,"2":0,"3":0,"4":0,"5":0,"6":0,"7":0,"8":0,"9":0,"10":0,"11":0,"12":0,"13":0,"14":0,"15":0,"16":0,"17":0,"18":0,"19":0,"20":0,"21":0,"22":0,"23":0,"24":0,"25":0},"f":{"0":0,"1":0,"2":0,"3":0},"b":{"0":[0,0],"1":[0,0],"2":[0,0],"3":[0,0]}}
}
