TN:
SF:src/extension.js
FN:13,formatter
FN:15,(anonymous_1)
FN:39,(anonymous_2)
FN:63,(anonymous_3)
FNF:4
FNH:0
FNDA:0,formatter
FNDA:0,(anonymous_1)
FNDA:0,(anonymous_2)
FNDA:0,(anonymous_3)
DA:9,0
DA:14,0
DA:15,0
DA:17,0
DA:18,0
DA:23,0
DA:24,0
DA:26,0
DA:27,0
DA:31,0
DA:34,0
DA:38,0
DA:40,0
DA:44,0
DA:63,0
DA:64,0
DA:68,0
LF:17
LH:0
BRDA:18,0,0,0
BRDA:18,0,1,0
BRDA:19,1,0,0
BRDA:19,1,1,0
BRF:4
BRH:0
end_of_record
TN:
SF:src/formatter.js
FN:3,formatText
FNF:1
FNH:0
FNDA:0,formatText
DA:4,0
LF:1
LH:0
BRF:0
BRH:0
end_of_record
TN:
SF:src/ignore.js
FN:8,getIsIgnored
FN:12,(anonymous_1)
FN:18,isFilePathMatchedByEslintIgnore
FN:34,isFilePathMatchedByPrettierIgnore
FNF:4
FNH:0
FNDA:0,getIsIgnored
FNDA:0,(anonymous_1)
FNDA:0,isFilePathMatchedByEslintIgnore
FNDA:0,isFilePathMatchedByPrettierIgnore
DA:6,0
DA:9,0
DA:12,0
DA:13,0
DA:14,0
DA:15,0
DA:19,0
DA:20,0
DA:21,0
DA:23,0
DA:24,0
DA:25,0
DA:28,0
DA:29,0
DA:30,0
DA:31,0
DA:35,0
DA:36,0
DA:37,0
DA:39,0
DA:40,0
DA:41,0
DA:44,0
DA:45,0
DA:46,0
DA:47,0
LF:26
LH:0
BRDA:20,0,0,0
BRDA:20,0,1,0
BRDA:24,1,0,0
BRDA:24,1,1,0
BRDA:36,2,0,0
BRDA:36,2,1,0
BRDA:40,3,0,0
BRDA:40,3,1,0
BRF:8
BRH:0
end_of_record
